[2026-02-06 11:55:42.055] [logfile] [info] Logfile created test03_advection_only.yaml
[2026-02-06 11:55:42.056] [logfile] [info] Grid size: 100 x 100 x 10
[2026-02-06 11:55:42.056] [logfile] [info] Cell size: 1 x 1 x 1
[2026-02-06 11:55:42.151] [logfile] [info] FTL file: example.ftl
[2026-02-06 11:55:42.151] [logfile] [info] Porosity: 0.25
[2026-02-06 11:55:42.151] [logfile] [info] Trilinear: true
[2026-02-06 11:55:42.151] [logfile] [info] Seed: 12345
[2026-02-06 11:55:42.151] [logfile] [info] Molecular diffusion: 0
[2026-02-06 11:55:42.151] [logfile] [info] Longitudinal dispersivity: 0
[2026-02-06 11:55:42.151] [logfile] [info] Transverse dispersivity: 0
[2026-02-06 11:55:42.151] [logfile] [info] Particles: 20000
[2026-02-06 11:55:42.467] [logfile] [info] Box P1: (5, 49, 4.9)
[2026-02-06 11:55:42.467] [logfile] [info] Box P2: (7, 51, 5.1)
[2026-02-06 11:55:42.467] [logfile] [info] output/test03_result.csv ready
[2026-02-06 11:55:42.467] [logfile] [info] Writing CSV file (STEP 0)
[2026-02-06 11:55:42.468] [logfile] [info] Writing Snapshot file output/test03_snap-0.csv (STEP 0)
[2026-02-06 11:55:42.547] [logfile] [info] Writing CSV file (STEP 20)
[2026-02-06 11:55:42.591] [logfile] [info] Writing CSV file (STEP 40)
[2026-02-06 11:55:42.634] [logfile] [info] Writing CSV file (STEP 60)
[2026-02-06 11:55:42.678] [logfile] [info] Writing CSV file (STEP 80)
[2026-02-06 11:55:42.722] [logfile] [info] Writing CSV file (STEP 100)
[2026-02-06 11:55:42.763] [logfile] [info] Writing CSV file (STEP 120)
[2026-02-06 11:55:42.794] [logfile] [info] Writing CSV file (STEP 140)
[2026-02-06 11:55:42.821] [logfile] [info] Writing CSV file (STEP 160)
[2026-02-06 11:55:42.849] [logfile] [info] Writing CSV file (STEP 180)
[2026-02-06 11:55:42.876] [logfile] [info] Writing CSV file (STEP 200)
[2026-02-06 11:55:42.876] [logfile] [info] Writing Snapshot file output/test03_snap-200.csv (STEP 200)
[2026-02-06 11:55:42.942] [logfile] [info] Writing CSV file (STEP 220)
[2026-02-06 11:55:42.968] [logfile] [info] Writing CSV file (STEP 240)
[2026-02-06 11:55:42.995] [logfile] [info] Writing CSV file (STEP 260)
[2026-02-06 11:55:43.024] [logfile] [info] Writing CSV file (STEP 280)
[2026-02-06 11:55:43.053] [logfile] [info] Writing CSV file (STEP 300)
[2026-02-06 11:55:43.081] [logfile] [info] Writing CSV file (STEP 320)
[2026-02-06 11:55:43.108] [logfile] [info] Writing CSV file (STEP 340)
[2026-02-06 11:55:43.136] [logfile] [info] Writing CSV file (STEP 360)
[2026-02-06 11:55:43.162] [logfile] [info] Writing CSV file (STEP 380)
[2026-02-06 11:55:43.189] [logfile] [info] Writing CSV file (STEP 400)
[2026-02-06 11:55:43.190] [logfile] [info] Writing Snapshot file output/test03_snap-400.csv (STEP 400)
[2026-02-06 11:55:43.254] [logfile] [info] Writing CSV file (STEP 420)
[2026-02-06 11:55:43.283] [logfile] [info] Writing CSV file (STEP 440)
[2026-02-06 11:55:43.311] [logfile] [info] Writing CSV file (STEP 460)
[2026-02-06 11:55:43.338] [logfile] [info] Writing CSV file (STEP 480)
[2026-02-06 11:55:43.366] [logfile] [info] Writing CSV file (STEP 500)
[2026-02-06 11:55:43.393] [logfile] [info] Writing CSV file (STEP 520)
[2026-02-06 11:55:43.420] [logfile] [info] Writing CSV file (STEP 540)
[2026-02-06 11:55:43.446] [logfile] [info] Writing CSV file (STEP 560)
[2026-02-06 11:55:43.473] [logfile] [info] Writing CSV file (STEP 580)
[2026-02-06 11:55:43.501] [logfile] [info] Writing CSV file (STEP 600)
[2026-02-06 11:55:43.528] [logfile] [info] Writing CSV file (STEP 620)
[2026-02-06 11:55:43.555] [logfile] [info] Writing CSV file (STEP 640)
[2026-02-06 11:55:43.582] [logfile] [info] Writing CSV file (STEP 660)
[2026-02-06 11:55:43.610] [logfile] [info] Writing CSV file (STEP 680)
[2026-02-06 11:55:43.637] [logfile] [info] Writing CSV file (STEP 700)
[2026-02-06 11:55:43.664] [logfile] [info] Writing CSV file (STEP 720)
[2026-02-06 11:55:43.691] [logfile] [info] Writing CSV file (STEP 740)
[2026-02-06 11:55:43.719] [logfile] [info] Writing CSV file (STEP 760)
[2026-02-06 11:55:43.746] [logfile] [info] Writing CSV file (STEP 780)
[2026-02-06 11:55:43.772] [logfile] [info] Writing CSV file (STEP 800)
[2026-02-06 11:55:43.773] [logfile] [info] Writing Snapshot file output/test03_snap-800.csv (STEP 800)
[2026-02-06 11:55:43.815] [logfile] [info] TIME PREPROCESSING: 0.412281s
[2026-02-06 11:55:43.815] [logfile] [info] TIME SIMULATION: 1.34721s
[2026-02-06 11:55:43.815] [logfile] [info] TIME ELAPSED: 1.75949s
